[0;31m[ERROR][0m 2025-09-10 07:03:11 - Deployment failed with exit code 1
[0;34m[INFO][0m 2025-09-10 07:03:11 - Check /home/sechmos/Documents/Tokenization/tokenization-backend/deployment.log for details
[0;34m[INFO][0m 2025-09-10 07:04:26 - Starting Tokenization Platform deployment
[0;34m[INFO][0m 2025-09-10 07:04:26 - Network: polygon-mumbai
[0;34m[INFO][0m 2025-09-10 07:04:26 - Verify contracts: true
[0;34m[INFO][0m 2025-09-10 07:04:26 - Dry run: false
[0;34m[INFO][0m 2025-09-10 07:04:26 - Checking deployment prerequisites...
[0;31m[ERROR][0m 2025-09-10 07:04:31 - Cannot connect to RPC endpoint: https://polygon-mumbai.g.alchemy.com/v2/YOUR_API_KEY
[0;31m[ERROR][0m 2025-09-10 07:04:31 - Deployment failed with exit code 1
[0;34m[INFO][0m 2025-09-10 07:04:31 - Check /home/sechmos/Documents/Tokenization/tokenization-backend/deployment.log for details
[0;34m[INFO][0m 2025-09-10 07:16:18 - Starting Tokenization Platform deployment
[0;34m[INFO][0m 2025-09-10 07:16:18 - Network: polygon-mumbai
[0;34m[INFO][0m 2025-09-10 07:16:18 - Verify contracts: true
[0;34m[INFO][0m 2025-09-10 07:16:18 - Dry run: false
[0;34m[INFO][0m 2025-09-10 07:16:18 - Checking deployment prerequisites...
[0;34m[INFO][0m 2025-09-10 07:16:24 - Deployer balance: 0.000000000000000000 ETH
[1;33m[WARNING][0m 2025-09-10 07:16:24 - Low deployer balance. Consider adding more ETH for gas fees.
[0;32m[SUCCESS][0m 2025-09-10 07:16:24 - All prerequisites met
[0;34m[INFO][0m 2025-09-10 07:16:24 - Compiling smart contracts...
[0;34m[INFO][0m 2025-09-10 07:44:07 - Starting Tokenization Platform deployment
[0;34m[INFO][0m 2025-09-10 07:44:07 - Network: polygon-mumbai
[0;34m[INFO][0m 2025-09-10 07:44:07 - Verify contracts: true
[0;34m[INFO][0m 2025-09-10 07:44:07 - Dry run: false
[0;34m[INFO][0m 2025-09-10 07:44:07 - Checking deployment prerequisites...
[0;34m[INFO][0m 2025-09-10 07:44:13 - Deployer balance: 0.000000000000000000 ETH
[1;33m[WARNING][0m 2025-09-10 07:44:13 - Low deployer balance. Consider adding more ETH for gas fees.
[0;32m[SUCCESS][0m 2025-09-10 07:44:13 - All prerequisites met
[0;34m[INFO][0m 2025-09-10 07:44:13 - Compiling smart contracts...
[0;31m[ERROR][0m 2025-09-10 07:44:35 - Contract compilation failed
[0;31m[ERROR][0m 2025-09-10 07:44:35 - Deployment failed with exit code 1
[0;34m[INFO][0m 2025-09-10 07:44:35 - Check /home/sechmos/Documents/Tokenization/tokenization-backend/deployment.log for details
[0;34m[INFO][0m 2025-09-11 02:31:28 - Starting Tokenization Platform deployment
[0;34m[INFO][0m 2025-09-11 02:31:28 - Network: polygon-mumbai
[0;34m[INFO][0m 2025-09-11 02:31:29 - Verify contracts: true
[0;34m[INFO][0m 2025-09-11 02:31:29 - Dry run: false
[0;34m[INFO][0m 2025-09-11 02:31:29 - Checking deployment prerequisites...
[0;34m[INFO][0m 2025-09-11 02:31:35 - Deployer balance: 0.000000000000000000 ETH
[1;33m[WARNING][0m 2025-09-11 02:31:35 - Low deployer balance. Consider adding more ETH for gas fees.
[0;32m[SUCCESS][0m 2025-09-11 02:31:35 - All prerequisites met
[0;34m[INFO][0m 2025-09-11 02:31:35 - Compiling smart contracts...
[0;31m[ERROR][0m 2025-09-11 02:31:36 - Contract compilation failed
[0;31m[ERROR][0m 2025-09-11 02:31:36 - Deployment failed with exit code 1
[0;34m[INFO][0m 2025-09-11 02:31:36 - Check /home/sechmos/Documents/Tokenization/tokenization-backend/deployment.log for details
[0;34m[INFO][0m 2025-09-11 02:33:10 - Starting Tokenization Platform deployment
[0;34m[INFO][0m 2025-09-11 02:33:10 - Network: polygon-mumbai
[0;34m[INFO][0m 2025-09-11 02:33:10 - Verify contracts: true
[0;34m[INFO][0m 2025-09-11 02:33:10 - Dry run: false
[0;34m[INFO][0m 2025-09-11 02:33:10 - Checking deployment prerequisites...
[0;34m[INFO][0m 2025-09-11 02:33:11 - Deployer balance: 0.000000000000000000 ETH
[1;33m[WARNING][0m 2025-09-11 02:33:11 - Low deployer balance. Consider adding more ETH for gas fees.
[0;32m[SUCCESS][0m 2025-09-11 02:33:11 - All prerequisites met
[0;34m[INFO][0m 2025-09-11 02:33:11 - Compiling smart contracts...
[0;31m[ERROR][0m 2025-09-11 02:33:12 - Contract compilation failed
[0;31m[ERROR][0m 2025-09-11 02:33:12 - Deployment failed with exit code 1
[0;34m[INFO][0m 2025-09-11 02:33:12 - Check /home/sechmos/Documents/Tokenization/tokenization-backend/deployment.log for details
[0;34m[INFO][0m 2025-09-11 02:35:57 - Starting Tokenization Platform deployment
[0;34m[INFO][0m 2025-09-11 02:35:57 - Network: polygon-mumbai
[0;34m[INFO][0m 2025-09-11 02:35:57 - Verify contracts: true
[0;34m[INFO][0m 2025-09-11 02:35:57 - Dry run: false
[0;34m[INFO][0m 2025-09-11 02:35:57 - Checking deployment prerequisites...
[0;34m[INFO][0m 2025-09-11 02:35:58 - Deployer balance: 0.000000000000000000 ETH
[1;33m[WARNING][0m 2025-09-11 02:35:58 - Low deployer balance. Consider adding more ETH for gas fees.
[0;32m[SUCCESS][0m 2025-09-11 02:35:58 - All prerequisites met
[0;34m[INFO][0m 2025-09-11 02:35:58 - Compiling smart contracts...
[0;31m[ERROR][0m 2025-09-11 02:35:59 - Contract compilation failed
[0;31m[ERROR][0m 2025-09-11 02:35:59 - Deployment failed with exit code 1
[0;34m[INFO][0m 2025-09-11 02:35:59 - Check /home/sechmos/Documents/Tokenization/tokenization-backend/deployment.log for details
[0;34m[INFO][0m 2025-09-11 02:41:50 - Starting Tokenization Platform deployment
[0;34m[INFO][0m 2025-09-11 02:41:50 - Network: polygon-mumbai
[0;34m[INFO][0m 2025-09-11 02:41:50 - Verify contracts: true
[0;34m[INFO][0m 2025-09-11 02:41:50 - Dry run: false
[0;34m[INFO][0m 2025-09-11 02:41:50 - Checking deployment prerequisites...
[0;34m[INFO][0m 2025-09-11 02:41:56 - Deployer balance: 0.000000000000000000 ETH
[1;33m[WARNING][0m 2025-09-11 02:41:56 - Low deployer balance. Consider adding more ETH for gas fees.
[0;32m[SUCCESS][0m 2025-09-11 02:41:56 - All prerequisites met
[0;34m[INFO][0m 2025-09-11 02:41:56 - Compiling smart contracts...
[0;31m[ERROR][0m 2025-09-11 02:41:57 - Contract compilation failed
[0;31m[ERROR][0m 2025-09-11 02:41:57 - Deployment failed with exit code 1
[0;34m[INFO][0m 2025-09-11 02:41:57 - Check /home/sechmos/Documents/Tokenization/tokenization-backend/deployment.log for details
[0;34m[INFO][0m 2025-09-11 07:50:16 - Starting Tokenization Platform deployment
[0;34m[INFO][0m 2025-09-11 07:50:16 - Network: polygon-mumbai
[0;34m[INFO][0m 2025-09-11 07:50:16 - Verify contracts: true
[0;34m[INFO][0m 2025-09-11 07:50:16 - Dry run: false
[0;34m[INFO][0m 2025-09-11 07:50:16 - Checking deployment prerequisites...
[0;34m[INFO][0m 2025-09-11 07:50:22 - Deployer balance: 0.000000000000000000 ETH
[1;33m[WARNING][0m 2025-09-11 07:50:22 - Low deployer balance. Consider adding more ETH for gas fees.
[0;32m[SUCCESS][0m 2025-09-11 07:50:22 - All prerequisites met
[0;34m[INFO][0m 2025-09-11 07:50:22 - Compiling smart contracts...
[0;31m[ERROR][0m 2025-09-11 07:50:23 - Contract compilation failed
[0;31m[ERROR][0m 2025-09-11 07:50:23 - Deployment failed with exit code 1
[0;34m[INFO][0m 2025-09-11 07:50:23 - Check /home/sechmos/Documents/Tokenization/tokenization-backend/deployment.log for details
[0;34m[INFO][0m 2025-09-11 07:54:11 - Starting Tokenization Platform deployment
[0;34m[INFO][0m 2025-09-11 07:54:11 - Network: polygon-mumbai
[0;34m[INFO][0m 2025-09-11 07:54:11 - Verify contracts: true
[0;34m[INFO][0m 2025-09-11 07:54:11 - Dry run: false
[0;34m[INFO][0m 2025-09-11 07:54:12 - Checking deployment prerequisites...
[0;34m[INFO][0m 2025-09-11 07:54:13 - Deployer balance: 0.000000000000000000 ETH
[1;33m[WARNING][0m 2025-09-11 07:54:13 - Low deployer balance. Consider adding more ETH for gas fees.
[0;32m[SUCCESS][0m 2025-09-11 07:54:13 - All prerequisites met
[0;34m[INFO][0m 2025-09-11 07:54:13 - Compiling smart contracts...
[0;31m[ERROR][0m 2025-09-11 07:54:13 - Contract compilation failed
[0;31m[ERROR][0m 2025-09-11 07:54:13 - Deployment failed with exit code 1
[0;34m[INFO][0m 2025-09-11 07:54:13 - Check /home/sechmos/Documents/Tokenization/tokenization-backend/deployment.log for details
[0;34m[INFO][0m 2025-09-11 08:03:54 - Starting Tokenization Platform deployment
[0;34m[INFO][0m 2025-09-11 08:03:54 - Network: polygon-mumbai
[0;34m[INFO][0m 2025-09-11 08:03:54 - Verify contracts: true
[0;34m[INFO][0m 2025-09-11 08:03:54 - Dry run: false
[0;34m[INFO][0m 2025-09-11 08:03:54 - Checking deployment prerequisites...
[0;34m[INFO][0m 2025-09-11 08:04:00 - Deployer balance: 0.000000000000000000 ETH
[1;33m[WARNING][0m 2025-09-11 08:04:00 - Low deployer balance. Consider adding more ETH for gas fees.
[0;32m[SUCCESS][0m 2025-09-11 08:04:00 - All prerequisites met
[0;34m[INFO][0m 2025-09-11 08:04:00 - Compiling smart contracts...
[0;31m[ERROR][0m 2025-09-11 08:04:00 - Contract compilation failed
[0;31m[ERROR][0m 2025-09-11 08:04:00 - Deployment failed with exit code 1
[0;34m[INFO][0m 2025-09-11 08:04:00 - Check /home/sechmos/Documents/Tokenization/tokenization-backend/deployment.log for details
[0;34m[INFO][0m 2025-09-11 08:05:07 - Starting Tokenization Platform deployment
[0;34m[INFO][0m 2025-09-11 08:05:07 - Network: polygon-mumbai
[0;34m[INFO][0m 2025-09-11 08:05:07 - Verify contracts: true
[0;34m[INFO][0m 2025-09-11 08:05:07 - Dry run: false
[0;34m[INFO][0m 2025-09-11 08:05:07 - Checking deployment prerequisites...
[0;34m[INFO][0m 2025-09-11 08:05:07 - Deployer balance: 0.000000000000000000 ETH
[1;33m[WARNING][0m 2025-09-11 08:05:08 - Low deployer balance. Consider adding more ETH for gas fees.
[0;32m[SUCCESS][0m 2025-09-11 08:05:08 - All prerequisites met
[0;34m[INFO][0m 2025-09-11 08:05:08 - Compiling smart contracts...
[0;31m[ERROR][0m 2025-09-11 08:05:08 - Contract compilation failed
[0;31m[ERROR][0m 2025-09-11 08:05:08 - Deployment failed with exit code 1
[0;34m[INFO][0m 2025-09-11 08:05:08 - Check /home/sechmos/Documents/Tokenization/tokenization-backend/deployment.log for details
[0;34m[INFO][0m 2025-09-11 08:07:58 - Starting Tokenization Platform deployment
[0;34m[INFO][0m 2025-09-11 08:07:58 - Network: polygon-mumbai
[0;34m[INFO][0m 2025-09-11 08:07:58 - Verify contracts: true
[0;34m[INFO][0m 2025-09-11 08:07:58 - Dry run: false
[0;34m[INFO][0m 2025-09-11 08:07:58 - Checking deployment prerequisites...
[0;34m[INFO][0m 2025-09-11 08:07:59 - Deployer balance: 0.000000000000000000 ETH
[1;33m[WARNING][0m 2025-09-11 08:07:59 - Low deployer balance. Consider adding more ETH for gas fees.
[0;32m[SUCCESS][0m 2025-09-11 08:07:59 - All prerequisites met
[0;34m[INFO][0m 2025-09-11 08:07:59 - Compiling smart contracts...
[0;31m[ERROR][0m 2025-09-11 08:07:59 - Contract compilation failed
[0;31m[ERROR][0m 2025-09-11 08:07:59 - Deployment failed with exit code 1
[0;34m[INFO][0m 2025-09-11 08:07:59 - Check /home/sechmos/Documents/Tokenization/tokenization-backend/deployment.log for details
[0;34m[INFO][0m 2025-09-11 08:10:01 - Starting Tokenization Platform deployment
[0;34m[INFO][0m 2025-09-11 08:10:01 - Network: polygon-mumbai
[0;34m[INFO][0m 2025-09-11 08:10:01 - Verify contracts: true
[0;34m[INFO][0m 2025-09-11 08:10:01 - Dry run: false
[0;34m[INFO][0m 2025-09-11 08:10:01 - Checking deployment prerequisites...
[0;34m[INFO][0m 2025-09-11 08:10:17 - Deployer balance: 0.000000000000000000 ETH
[1;33m[WARNING][0m 2025-09-11 08:10:17 - Low deployer balance. Consider adding more ETH for gas fees.
[0;32m[SUCCESS][0m 2025-09-11 08:10:18 - All prerequisites met
[0;34m[INFO][0m 2025-09-11 08:10:18 - Compiling smart contracts...
[0;31m[ERROR][0m 2025-09-11 08:10:18 - Contract compilation failed
[0;31m[ERROR][0m 2025-09-11 08:10:18 - Deployment failed with exit code 1
[0;34m[INFO][0m 2025-09-11 08:10:18 - Check /home/sechmos/Documents/Tokenization/tokenization-backend/deployment.log for details
[0;34m[INFO][0m 2025-09-11 08:17:29 - Starting Tokenization Platform deployment
[0;34m[INFO][0m 2025-09-11 08:17:30 - Network: polygon-mumbai
[0;34m[INFO][0m 2025-09-11 08:17:30 - Verify contracts: true
[0;34m[INFO][0m 2025-09-11 08:17:30 - Dry run: false
[0;34m[INFO][0m 2025-09-11 08:17:30 - Checking deployment prerequisites...
[0;34m[INFO][0m 2025-09-11 08:17:36 - Deployer balance: 0.000000000000000000 ETH
[1;33m[WARNING][0m 2025-09-11 08:17:36 - Low deployer balance. Consider adding more ETH for gas fees.
[0;32m[SUCCESS][0m 2025-09-11 08:17:36 - All prerequisites met
[0;34m[INFO][0m 2025-09-11 08:17:36 - Compiling smart contracts...
[0;31m[ERROR][0m 2025-09-11 08:17:36 - Contract compilation failed
[0;31m[ERROR][0m 2025-09-11 08:17:36 - Deployment failed with exit code 1
[0;34m[INFO][0m 2025-09-11 08:17:36 - Check /home/sechmos/Documents/Tokenization/tokenization-backend/deployment.log for details
[0;34m[INFO][0m 2025-09-11 08:21:18 - Starting Tokenization Platform deployment
[0;34m[INFO][0m 2025-09-11 08:21:18 - Network: polygon-mumbai
[0;34m[INFO][0m 2025-09-11 08:21:18 - Verify contracts: true
[0;34m[INFO][0m 2025-09-11 08:21:18 - Dry run: false
[0;34m[INFO][0m 2025-09-11 08:21:18 - Checking deployment prerequisites...
[0;34m[INFO][0m 2025-09-11 08:21:19 - Deployer balance: 0.000000000000000000 ETH
[1;33m[WARNING][0m 2025-09-11 08:21:19 - Low deployer balance. Consider adding more ETH for gas fees.
[0;32m[SUCCESS][0m 2025-09-11 08:21:19 - All prerequisites met
[0;34m[INFO][0m 2025-09-11 08:21:19 - Compiling smart contracts...
[0;31m[ERROR][0m 2025-09-11 08:21:19 - Contract compilation failed
[0;31m[ERROR][0m 2025-09-11 08:21:19 - Deployment failed with exit code 1
[0;34m[INFO][0m 2025-09-11 08:21:19 - Check /home/sechmos/Documents/Tokenization/tokenization-backend/deployment.log for details
[0;34m[INFO][0m 2025-09-11 08:22:23 - Starting Tokenization Platform deployment
[0;34m[INFO][0m 2025-09-11 08:22:23 - Network: polygon-mumbai
[0;34m[INFO][0m 2025-09-11 08:22:23 - Verify contracts: true
[0;34m[INFO][0m 2025-09-11 08:22:23 - Dry run: false
[0;34m[INFO][0m 2025-09-11 08:22:23 - Checking deployment prerequisites...
[0;34m[INFO][0m 2025-09-11 08:22:25 - Deployer balance: 0.000000000000000000 ETH
[1;33m[WARNING][0m 2025-09-11 08:22:25 - Low deployer balance. Consider adding more ETH for gas fees.
[0;32m[SUCCESS][0m 2025-09-11 08:22:25 - All prerequisites met
[0;34m[INFO][0m 2025-09-11 08:22:25 - Compiling smart contracts...
[0;31m[ERROR][0m 2025-09-11 08:22:26 - Contract compilation failed
[0;31m[ERROR][0m 2025-09-11 08:22:26 - Deployment failed with exit code 1
[0;34m[INFO][0m 2025-09-11 08:22:26 - Check /home/sechmos/Documents/Tokenization/tokenization-backend/deployment.log for details
[0;34m[INFO][0m 2025-09-11 08:44:30 - Starting Tokenization Platform deployment
[0;34m[INFO][0m 2025-09-11 08:44:30 - Network: polygon-mumbai
[0;34m[INFO][0m 2025-09-11 08:44:30 - Verify contracts: true
[0;34m[INFO][0m 2025-09-11 08:44:30 - Dry run: false
[0;34m[INFO][0m 2025-09-11 08:44:30 - Checking deployment prerequisites...
[0;34m[INFO][0m 2025-09-11 08:44:35 - Deployer balance: 0.000000000000000000 ETH
[1;33m[WARNING][0m 2025-09-11 08:44:35 - Low deployer balance. Consider adding more ETH for gas fees.
[0;32m[SUCCESS][0m 2025-09-11 08:44:35 - All prerequisites met
[0;34m[INFO][0m 2025-09-11 08:44:35 - Compiling smart contracts...
[0;31m[ERROR][0m 2025-09-11 08:44:36 - Contract compilation failed
[0;31m[ERROR][0m 2025-09-11 08:44:36 - Deployment failed with exit code 1
[0;34m[INFO][0m 2025-09-11 08:44:36 - Check /home/sechmos/Documents/Tokenization/tokenization-backend/deployment.log for details
[0;34m[INFO][0m 2025-09-11 08:45:24 - Starting Tokenization Platform deployment
[0;34m[INFO][0m 2025-09-11 08:45:24 - Network: polygon-mumbai
[0;34m[INFO][0m 2025-09-11 08:45:24 - Verify contracts: true
[0;34m[INFO][0m 2025-09-11 08:45:24 - Dry run: false
[0;34m[INFO][0m 2025-09-11 08:45:24 - Checking deployment prerequisites...
[0;34m[INFO][0m 2025-09-11 08:45:24 - Deployer balance: 0.000000000000000000 ETH
[1;33m[WARNING][0m 2025-09-11 08:45:24 - Low deployer balance. Consider adding more ETH for gas fees.
[0;32m[SUCCESS][0m 2025-09-11 08:45:24 - All prerequisites met
[0;34m[INFO][0m 2025-09-11 08:45:24 - Compiling smart contracts...
[0;31m[ERROR][0m 2025-09-11 08:45:25 - Contract compilation failed
[0;31m[ERROR][0m 2025-09-11 08:45:25 - Deployment failed with exit code 1
[0;34m[INFO][0m 2025-09-11 08:45:25 - Check /home/sechmos/Documents/Tokenization/tokenization-backend/deployment.log for details
[0;34m[INFO][0m 2025-09-11 08:53:43 - Starting Tokenization Platform deployment
[0;34m[INFO][0m 2025-09-11 08:53:43 - Network: polygon-mumbai
[0;34m[INFO][0m 2025-09-11 08:53:43 - Verify contracts: true
[0;34m[INFO][0m 2025-09-11 08:53:43 - Dry run: false
[0;34m[INFO][0m 2025-09-11 08:53:43 - Checking deployment prerequisites...
[0;34m[INFO][0m 2025-09-11 08:53:49 - Deployer balance: 0.000000000000000000 ETH
[1;33m[WARNING][0m 2025-09-11 08:53:49 - Low deployer balance. Consider adding more ETH for gas fees.
[0;32m[SUCCESS][0m 2025-09-11 08:53:49 - All prerequisites met
[0;34m[INFO][0m 2025-09-11 08:53:49 - Compiling smart contracts...
[0;31m[ERROR][0m 2025-09-11 08:54:00 - Contract compilation failed
[0;31m[ERROR][0m 2025-09-11 08:54:00 - Deployment failed with exit code 1
[0;34m[INFO][0m 2025-09-11 08:54:00 - Check /home/sechmos/Documents/Tokenization/tokenization-backend/deployment.log for details
[0;34m[INFO][0m 2025-09-11 08:55:48 - Starting Tokenization Platform deployment
[0;34m[INFO][0m 2025-09-11 08:55:48 - Network: polygon-mumbai
[0;34m[INFO][0m 2025-09-11 08:55:48 - Verify contracts: true
[0;34m[INFO][0m 2025-09-11 08:55:48 - Dry run: false
[0;34m[INFO][0m 2025-09-11 08:55:48 - Checking deployment prerequisites...
[0;34m[INFO][0m 2025-09-11 08:55:49 - Deployer balance: 0.000000000000000000 ETH
[1;33m[WARNING][0m 2025-09-11 08:55:49 - Low deployer balance. Consider adding more ETH for gas fees.
[0;32m[SUCCESS][0m 2025-09-11 08:55:49 - All prerequisites met
[0;34m[INFO][0m 2025-09-11 08:55:49 - Compiling smart contracts...
[0;31m[ERROR][0m 2025-09-11 08:56:04 - Contract compilation failed
[0;31m[ERROR][0m 2025-09-11 08:56:04 - Deployment failed with exit code 1
[0;34m[INFO][0m 2025-09-11 08:56:04 - Check /home/sechmos/Documents/Tokenization/tokenization-backend/deployment.log for details
[0;34m[INFO][0m 2025-09-11 08:56:26 - Starting Tokenization Platform deployment
[0;34m[INFO][0m 2025-09-11 08:56:26 - Network: polygon-mumbai
[0;34m[INFO][0m 2025-09-11 08:56:26 - Verify contracts: true
[0;34m[INFO][0m 2025-09-11 08:56:26 - Dry run: false
[0;34m[INFO][0m 2025-09-11 08:56:26 - Checking deployment prerequisites...
[0;34m[INFO][0m 2025-09-11 08:56:27 - Deployer balance: 0.000000000000000000 ETH
[1;33m[WARNING][0m 2025-09-11 08:56:27 - Low deployer balance. Consider adding more ETH for gas fees.
[0;32m[SUCCESS][0m 2025-09-11 08:56:27 - All prerequisites met
[0;34m[INFO][0m 2025-09-11 08:56:27 - Compiling smart contracts...
[0;31m[ERROR][0m 2025-09-11 08:56:27 - Contract compilation failed
[0;31m[ERROR][0m 2025-09-11 08:56:27 - Deployment failed with exit code 1
[0;34m[INFO][0m 2025-09-11 08:56:27 - Check /home/sechmos/Documents/Tokenization/tokenization-backend/deployment.log for details
[0;34m[INFO][0m 2025-09-11 09:02:54 - Starting Tokenization Platform deployment
[0;34m[INFO][0m 2025-09-11 09:02:54 - Network: polygon-mumbai
[0;34m[INFO][0m 2025-09-11 09:02:54 - Verify contracts: true
[0;34m[INFO][0m 2025-09-11 09:02:54 - Dry run: false
[0;34m[INFO][0m 2025-09-11 09:02:54 - Checking deployment prerequisites...
[0;34m[INFO][0m 2025-09-11 09:03:00 - Deployer balance: 0.000000000000000000 ETH
[1;33m[WARNING][0m 2025-09-11 09:03:00 - Low deployer balance. Consider adding more ETH for gas fees.
[0;32m[SUCCESS][0m 2025-09-11 09:03:00 - All prerequisites met
[0;34m[INFO][0m 2025-09-11 09:03:00 - Compiling smart contracts...
[0;31m[ERROR][0m 2025-09-11 09:03:00 - Contract compilation failed
[0;31m[ERROR][0m 2025-09-11 09:03:00 - Deployment failed with exit code 1
[0;34m[INFO][0m 2025-09-11 09:03:00 - Check /home/sechmos/Documents/Tokenization/tokenization-backend/deployment.log for details
[0;34m[INFO][0m 2025-09-11 09:12:58 - Starting Tokenization Platform deployment
[0;34m[INFO][0m 2025-09-11 09:12:58 - Network: polygon-mumbai
[0;34m[INFO][0m 2025-09-11 09:12:58 - Verify contracts: true
[0;34m[INFO][0m 2025-09-11 09:12:58 - Dry run: false
[0;34m[INFO][0m 2025-09-11 09:12:58 - Checking deployment prerequisites...
[0;34m[INFO][0m 2025-09-11 09:13:04 - Deployer balance: 0.000000000000000000 ETH
[1;33m[WARNING][0m 2025-09-11 09:13:04 - Low deployer balance. Consider adding more ETH for gas fees.
[0;32m[SUCCESS][0m 2025-09-11 09:13:04 - All prerequisites met
[0;34m[INFO][0m 2025-09-11 09:13:04 - Compiling smart contracts...
[0;31m[ERROR][0m 2025-09-11 09:13:04 - Contract compilation failed
[0;31m[ERROR][0m 2025-09-11 09:13:04 - Deployment failed with exit code 1
[0;34m[INFO][0m 2025-09-11 09:13:05 - Check /home/sechmos/Documents/Tokenization/tokenization-backend/deployment.log for details
[0;34m[INFO][0m 2025-09-11 09:18:27 - Starting Tokenization Platform deployment
[0;34m[INFO][0m 2025-09-11 09:18:27 - Network: polygon-mumbai
[0;34m[INFO][0m 2025-09-11 09:18:27 - Verify contracts: true
[0;34m[INFO][0m 2025-09-11 09:18:27 - Dry run: false
[0;34m[INFO][0m 2025-09-11 09:18:27 - Checking deployment prerequisites...
[0;34m[INFO][0m 2025-09-11 09:18:32 - Deployer balance: 0.000000000000000000 ETH
[1;33m[WARNING][0m 2025-09-11 09:18:32 - Low deployer balance. Consider adding more ETH for gas fees.
[0;32m[SUCCESS][0m 2025-09-11 09:18:32 - All prerequisites met
[0;34m[INFO][0m 2025-09-11 09:18:32 - Compiling smart contracts...
[0;31m[ERROR][0m 2025-09-11 09:18:33 - Contract compilation failed
[0;31m[ERROR][0m 2025-09-11 09:18:33 - Deployment failed with exit code 1
[0;34m[INFO][0m 2025-09-11 09:18:33 - Check /home/sechmos/Documents/Tokenization/tokenization-backend/deployment.log for details
[0;34m[INFO][0m 2025-09-11 09:35:06 - Starting Tokenization Platform deployment
[0;34m[INFO][0m 2025-09-11 09:35:06 - Network: polygon-mumbai
[0;34m[INFO][0m 2025-09-11 09:35:06 - Verify contracts: true
[0;34m[INFO][0m 2025-09-11 09:35:06 - Dry run: false
[0;34m[INFO][0m 2025-09-11 09:35:06 - Checking deployment prerequisites...
[0;34m[INFO][0m 2025-09-11 09:35:12 - Deployer balance: 0.000000000000000000 ETH
[1;33m[WARNING][0m 2025-09-11 09:35:12 - Low deployer balance. Consider adding more ETH for gas fees.
[0;32m[SUCCESS][0m 2025-09-11 09:35:12 - All prerequisites met
[0;34m[INFO][0m 2025-09-11 09:35:12 - Compiling smart contracts...
[0;31m[ERROR][0m 2025-09-11 09:35:13 - Contract compilation failed
[0;31m[ERROR][0m 2025-09-11 09:35:13 - Deployment failed with exit code 1
[0;34m[INFO][0m 2025-09-11 09:35:13 - Check /home/sechmos/Documents/Tokenization/tokenization-backend/deployment.log for details
[0;34m[INFO][0m 2025-09-11 10:28:46 - Starting Tokenization Platform deployment
[0;34m[INFO][0m 2025-09-11 10:28:46 - Network: polygon-mumbai
[0;34m[INFO][0m 2025-09-11 10:28:47 - Verify contracts: true
[0;34m[INFO][0m 2025-09-11 10:28:47 - Dry run: false
[0;34m[INFO][0m 2025-09-11 10:28:47 - Checking deployment prerequisites...
[0;34m[INFO][0m 2025-09-11 10:28:53 - Deployer balance: 0.000000000000000000 ETH
[1;33m[WARNING][0m 2025-09-11 10:28:53 - Low deployer balance. Consider adding more ETH for gas fees.
[0;32m[SUCCESS][0m 2025-09-11 10:28:53 - All prerequisites met
[0;34m[INFO][0m 2025-09-11 10:28:53 - Compiling smart contracts...
[0;31m[ERROR][0m 2025-09-11 10:28:54 - Contract compilation failed
[0;31m[ERROR][0m 2025-09-11 10:28:54 - Deployment failed with exit code 1
[0;34m[INFO][0m 2025-09-11 10:28:54 - Check /home/sechmos/Documents/Tokenization/tokenization-backend/deployment.log for details
[0;34m[INFO][0m 2025-09-11 10:29:39 - Starting Tokenization Platform deployment
[0;34m[INFO][0m 2025-09-11 10:29:39 - Network: polygon-mumbai
[0;34m[INFO][0m 2025-09-11 10:29:39 - Verify contracts: true
[0;34m[INFO][0m 2025-09-11 10:29:39 - Dry run: false
[0;34m[INFO][0m 2025-09-11 10:29:39 - Checking deployment prerequisites...
[0;34m[INFO][0m 2025-09-11 10:29:40 - Deployer balance: 0.000000000000000000 ETH
[1;33m[WARNING][0m 2025-09-11 10:29:40 - Low deployer balance. Consider adding more ETH for gas fees.
[0;32m[SUCCESS][0m 2025-09-11 10:29:40 - All prerequisites met
[0;34m[INFO][0m 2025-09-11 10:29:40 - Compiling smart contracts...
[0;31m[ERROR][0m 2025-09-11 10:29:41 - Contract compilation failed
[0;31m[ERROR][0m 2025-09-11 10:29:41 - Deployment failed with exit code 1
[0;34m[INFO][0m 2025-09-11 10:29:41 - Check /home/sechmos/Documents/Tokenization/tokenization-backend/deployment.log for details
[0;34m[INFO][0m 2025-09-11 10:39:37 - Starting Tokenization Platform deployment
[0;34m[INFO][0m 2025-09-11 10:39:37 - Network: polygon-mumbai
[0;34m[INFO][0m 2025-09-11 10:39:37 - Verify contracts: true
[0;34m[INFO][0m 2025-09-11 10:39:37 - Dry run: false
[0;34m[INFO][0m 2025-09-11 10:39:37 - Checking deployment prerequisites...
[0;34m[INFO][0m 2025-09-11 10:39:47 - Deployer balance: 0.000000000000000000 ETH
[1;33m[WARNING][0m 2025-09-11 10:39:47 - Low deployer balance. Consider adding more ETH for gas fees.
[0;32m[SUCCESS][0m 2025-09-11 10:39:47 - All prerequisites met
[0;34m[INFO][0m 2025-09-11 10:39:48 - Compiling smart contracts...
[0;31m[ERROR][0m 2025-09-11 10:39:48 - Contract compilation failed
[0;31m[ERROR][0m 2025-09-11 10:39:48 - Deployment failed with exit code 1
[0;34m[INFO][0m 2025-09-11 10:39:48 - Check /home/sechmos/Documents/Tokenization/tokenization-backend/deployment.log for details
[0;34m[INFO][0m 2025-09-11 10:52:14 - Starting Tokenization Platform deployment
[0;34m[INFO][0m 2025-09-11 10:52:14 - Network: polygon-mumbai
[0;34m[INFO][0m 2025-09-11 10:52:14 - Verify contracts: true
[0;34m[INFO][0m 2025-09-11 10:52:14 - Dry run: false
[0;34m[INFO][0m 2025-09-11 10:52:14 - Checking deployment prerequisites...
[0;31m[ERROR][0m 2025-09-11 10:52:24 - Cannot connect to RPC endpoint: https://polygon-mainnet.g.alchemy.com/v2/psuuduxO31w5rAvCgXDk_PKR5NKcze22
[0;31m[ERROR][0m 2025-09-11 10:52:24 - Deployment failed with exit code 1
[0;34m[INFO][0m 2025-09-11 10:52:24 - Check /home/sechmos/Documents/Tokenization/tokenization-backend/deployment.log for details
[0;34m[INFO][0m 2025-09-11 10:52:41 - Starting Tokenization Platform deployment
[0;34m[INFO][0m 2025-09-11 10:52:41 - Network: polygon-mumbai
[0;34m[INFO][0m 2025-09-11 10:52:41 - Verify contracts: true
[0;34m[INFO][0m 2025-09-11 10:52:41 - Dry run: false
[0;34m[INFO][0m 2025-09-11 10:52:41 - Checking deployment prerequisites...
[0;31m[ERROR][0m 2025-09-11 10:52:51 - Cannot connect to RPC endpoint: https://polygon-mainnet.g.alchemy.com/v2/psuuduxO31w5rAvCgXDk_PKR5NKcze22
[0;31m[ERROR][0m 2025-09-11 10:52:52 - Deployment failed with exit code 1
[0;34m[INFO][0m 2025-09-11 10:52:52 - Check /home/sechmos/Documents/Tokenization/tokenization-backend/deployment.log for details
[0;34m[INFO][0m 2025-09-11 10:53:23 - Starting Tokenization Platform deployment
[0;34m[INFO][0m 2025-09-11 10:53:23 - Network: polygon-mumbai
[0;34m[INFO][0m 2025-09-11 10:53:23 - Verify contracts: true
[0;34m[INFO][0m 2025-09-11 10:53:23 - Dry run: false
[0;34m[INFO][0m 2025-09-11 10:53:23 - Checking deployment prerequisites...
[0;34m[INFO][0m 2025-09-11 10:53:28 - Deployer balance: 0.000000000000000000 ETH
[1;33m[WARNING][0m 2025-09-11 10:53:28 - Low deployer balance. Consider adding more ETH for gas fees.
[0;32m[SUCCESS][0m 2025-09-11 10:53:28 - All prerequisites met
[0;34m[INFO][0m 2025-09-11 10:53:28 - Compiling smart contracts...
[0;31m[ERROR][0m 2025-09-11 10:53:29 - Contract compilation failed
[0;31m[ERROR][0m 2025-09-11 10:53:29 - Deployment failed with exit code 1
[0;34m[INFO][0m 2025-09-11 10:53:29 - Check /home/sechmos/Documents/Tokenization/tokenization-backend/deployment.log for details
[0;34m[INFO][0m 2025-09-11 10:59:26 - Starting Tokenization Platform deployment
[0;34m[INFO][0m 2025-09-11 10:59:26 - Network: polygon-mumbai
[0;34m[INFO][0m 2025-09-11 10:59:26 - Verify contracts: true
[0;34m[INFO][0m 2025-09-11 10:59:26 - Dry run: false
[0;34m[INFO][0m 2025-09-11 10:59:26 - Checking deployment prerequisites...
[0;34m[INFO][0m 2025-09-11 10:59:32 - Deployer balance: 0.000000000000000000 ETH
[1;33m[WARNING][0m 2025-09-11 10:59:32 - Low deployer balance. Consider adding more ETH for gas fees.
[0;32m[SUCCESS][0m 2025-09-11 10:59:32 - All prerequisites met
[0;34m[INFO][0m 2025-09-11 10:59:32 - Compiling smart contracts...
[0;31m[ERROR][0m 2025-09-11 10:59:33 - Contract compilation failed
[0;31m[ERROR][0m 2025-09-11 10:59:33 - Deployment failed with exit code 1
[0;34m[INFO][0m 2025-09-11 10:59:33 - Check /home/sechmos/Documents/Tokenization/tokenization-backend/deployment.log for details
[0;34m[INFO][0m 2025-09-11 11:09:01 - Starting Tokenization Platform deployment
[0;34m[INFO][0m 2025-09-11 11:09:01 - Network: polygon-mumbai
[0;34m[INFO][0m 2025-09-11 11:09:01 - Verify contracts: true
[0;34m[INFO][0m 2025-09-11 11:09:01 - Dry run: false
[0;34m[INFO][0m 2025-09-11 11:09:01 - Checking deployment prerequisites...
[0;34m[INFO][0m 2025-09-11 11:09:07 - Deployer balance: 0.000000000000000000 ETH
[1;33m[WARNING][0m 2025-09-11 11:09:07 - Low deployer balance. Consider adding more ETH for gas fees.
[0;32m[SUCCESS][0m 2025-09-11 11:09:07 - All prerequisites met
[0;34m[INFO][0m 2025-09-11 11:09:07 - Compiling smart contracts...
[0;31m[ERROR][0m 2025-09-11 11:09:07 - Contract compilation failed
[0;31m[ERROR][0m 2025-09-11 11:09:07 - Deployment failed with exit code 1
[0;34m[INFO][0m 2025-09-11 11:09:07 - Check /home/sechmos/Documents/Tokenization/tokenization-backend/deployment.log for details
[0;34m[INFO][0m 2025-09-11 11:09:59 - Starting Tokenization Platform deployment
[0;34m[INFO][0m 2025-09-11 11:09:59 - Network: polygon-mumbai
[0;34m[INFO][0m 2025-09-11 11:09:59 - Verify contracts: true
[0;34m[INFO][0m 2025-09-11 11:09:59 - Dry run: false
[0;34m[INFO][0m 2025-09-11 11:09:59 - Checking deployment prerequisites...
[0;34m[INFO][0m 2025-09-11 11:10:00 - Deployer balance: 0.000000000000000000 ETH
[1;33m[WARNING][0m 2025-09-11 11:10:00 - Low deployer balance. Consider adding more ETH for gas fees.
[0;32m[SUCCESS][0m 2025-09-11 11:10:00 - All prerequisites met
[0;34m[INFO][0m 2025-09-11 11:10:00 - Compiling smart contracts...
[0;31m[ERROR][0m 2025-09-11 11:10:01 - Contract compilation failed
[0;31m[ERROR][0m 2025-09-11 11:10:01 - Deployment failed with exit code 1
[0;34m[INFO][0m 2025-09-11 11:10:01 - Check /home/sechmos/Documents/Tokenization/tokenization-backend/deployment.log for details
[0;34m[INFO][0m 2025-09-11 11:11:16 - Starting Tokenization Platform deployment
[0;34m[INFO][0m 2025-09-11 11:11:16 - Network: polygon-mumbai
[0;34m[INFO][0m 2025-09-11 11:11:16 - Verify contracts: true
[0;34m[INFO][0m 2025-09-11 11:11:16 - Dry run: false
[0;34m[INFO][0m 2025-09-11 11:11:16 - Checking deployment prerequisites...
[0;34m[INFO][0m 2025-09-11 11:11:16 - Deployer balance: 0.000000000000000000 ETH
[1;33m[WARNING][0m 2025-09-11 11:11:16 - Low deployer balance. Consider adding more ETH for gas fees.
[0;32m[SUCCESS][0m 2025-09-11 11:11:16 - All prerequisites met
[0;34m[INFO][0m 2025-09-11 11:11:16 - Compiling smart contracts...
[0;31m[ERROR][0m 2025-09-11 11:11:17 - Contract compilation failed
[0;31m[ERROR][0m 2025-09-11 11:11:17 - Deployment failed with exit code 1
[0;34m[INFO][0m 2025-09-11 11:11:17 - Check /home/sechmos/Documents/Tokenization/tokenization-backend/deployment.log for details
[0;34m[INFO][0m 2025-09-11 11:17:06 - Starting Tokenization Platform deployment
[0;34m[INFO][0m 2025-09-11 11:17:06 - Network: polygon-mumbai
[0;34m[INFO][0m 2025-09-11 11:17:06 - Verify contracts: true
[0;34m[INFO][0m 2025-09-11 11:17:06 - Dry run: false
[0;34m[INFO][0m 2025-09-11 11:17:06 - Checking deployment prerequisites...
[0;34m[INFO][0m 2025-09-11 11:17:27 - Deployer balance: 0.000000000000000000 ETH
[1;33m[WARNING][0m 2025-09-11 11:17:27 - Low deployer balance. Consider adding more ETH for gas fees.
[0;32m[SUCCESS][0m 2025-09-11 11:17:27 - All prerequisites met
[0;34m[INFO][0m 2025-09-11 11:17:27 - Compiling smart contracts...
[0;31m[ERROR][0m 2025-09-11 11:17:27 - Contract compilation failed
[0;31m[ERROR][0m 2025-09-11 11:17:27 - Deployment failed with exit code 1
[0;34m[INFO][0m 2025-09-11 11:17:27 - Check /home/sechmos/Documents/Tokenization/tokenization-backend/deployment.log for details
[0;34m[INFO][0m 2025-09-11 18:33:37 - Starting Tokenization Platform deployment
[0;34m[INFO][0m 2025-09-11 18:33:37 - Network: polygon-mumbai
[0;34m[INFO][0m 2025-09-11 18:33:37 - Verify contracts: true
[0;34m[INFO][0m 2025-09-11 18:33:37 - Dry run: false
[0;34m[INFO][0m 2025-09-11 18:33:37 - Checking deployment prerequisites...
[0;34m[INFO][0m 2025-09-11 18:33:43 - Deployer balance: 0.000000000000000000 ETH
[1;33m[WARNING][0m 2025-09-11 18:33:43 - Low deployer balance. Consider adding more ETH for gas fees.
[0;32m[SUCCESS][0m 2025-09-11 18:33:43 - All prerequisites met
[0;34m[INFO][0m 2025-09-11 18:33:43 - Compiling smart contracts...
[0;31m[ERROR][0m 2025-09-11 18:33:43 - Contract compilation failed
[0;31m[ERROR][0m 2025-09-11 18:33:43 - Deployment failed with exit code 1
[0;34m[INFO][0m 2025-09-11 18:33:43 - Check /home/sechmos/Documents/Tokenization/tokenization-backend/deployment.log for details
[0;34m[INFO][0m 2025-09-11 18:38:58 - Starting Tokenization Platform deployment
[0;34m[INFO][0m 2025-09-11 18:38:58 - Network: polygon-mumbai
[0;34m[INFO][0m 2025-09-11 18:38:58 - Verify contracts: true
[0;34m[INFO][0m 2025-09-11 18:38:58 - Dry run: false
[0;34m[INFO][0m 2025-09-11 18:38:58 - Checking deployment prerequisites...
[0;34m[INFO][0m 2025-09-11 18:39:09 - Deployer balance: 0.000000000000000000 ETH
[1;33m[WARNING][0m 2025-09-11 18:39:09 - Low deployer balance. Consider adding more ETH for gas fees.
[0;32m[SUCCESS][0m 2025-09-11 18:39:09 - All prerequisites met
[0;34m[INFO][0m 2025-09-11 18:39:09 - Compiling smart contracts...
[0;31m[ERROR][0m 2025-09-11 18:39:10 - Contract compilation failed
[0;31m[ERROR][0m 2025-09-11 18:39:10 - Deployment failed with exit code 1
[0;34m[INFO][0m 2025-09-11 18:39:10 - Check /home/sechmos/Documents/Tokenization/tokenization-backend/deployment.log for details
[0;34m[INFO][0m 2025-09-11 19:04:51 - Starting Tokenization Platform deployment
[0;34m[INFO][0m 2025-09-11 19:04:51 - Network: polygon-mumbai
[0;34m[INFO][0m 2025-09-11 19:04:51 - Verify contracts: true
[0;34m[INFO][0m 2025-09-11 19:04:51 - Dry run: false
[0;34m[INFO][0m 2025-09-11 19:04:51 - Checking deployment prerequisites...
[0;34m[INFO][0m 2025-09-11 19:04:58 - Deployer balance: 0.000000000000000000 ETH
[1;33m[WARNING][0m 2025-09-11 19:04:58 - Low deployer balance. Consider adding more ETH for gas fees.
[0;32m[SUCCESS][0m 2025-09-11 19:04:58 - All prerequisites met
[0;34m[INFO][0m 2025-09-11 19:04:58 - Compiling smart contracts...
[0;31m[ERROR][0m 2025-09-11 19:04:58 - Contract compilation failed
[0;31m[ERROR][0m 2025-09-11 19:04:58 - Deployment failed with exit code 1
[0;34m[INFO][0m 2025-09-11 19:04:58 - Check /home/sechmos/Documents/Tokenization/tokenization-backend/deployment.log for details
[0;34m[INFO][0m 2025-09-11 19:13:49 - Starting Tokenization Platform deployment
[0;34m[INFO][0m 2025-09-11 19:13:49 - Network: polygon-mumbai
[0;34m[INFO][0m 2025-09-11 19:13:49 - Verify contracts: true
[0;34m[INFO][0m 2025-09-11 19:13:49 - Dry run: false
[0;34m[INFO][0m 2025-09-11 19:13:49 - Checking deployment prerequisites...
[0;34m[INFO][0m 2025-09-11 19:13:54 - Deployer balance: 0.000000000000000000 ETH
[1;33m[WARNING][0m 2025-09-11 19:13:54 - Low deployer balance. Consider adding more ETH for gas fees.
[0;32m[SUCCESS][0m 2025-09-11 19:13:54 - All prerequisites met
[0;34m[INFO][0m 2025-09-11 19:13:54 - Compiling smart contracts...
[0;31m[ERROR][0m 2025-09-11 19:13:55 - Contract compilation failed
[0;31m[ERROR][0m 2025-09-11 19:13:55 - Deployment failed with exit code 1
[0;34m[INFO][0m 2025-09-11 19:13:55 - Check /home/sechmos/Documents/Tokenization/tokenization-backend/deployment.log for details
[0;34m[INFO][0m 2025-09-11 19:18:04 - Starting Tokenization Platform deployment
[0;34m[INFO][0m 2025-09-11 19:18:04 - Network: polygon-mumbai
[0;34m[INFO][0m 2025-09-11 19:18:04 - Verify contracts: true
[0;34m[INFO][0m 2025-09-11 19:18:04 - Dry run: false
[0;34m[INFO][0m 2025-09-11 19:18:04 - Checking deployment prerequisites...
[0;34m[INFO][0m 2025-09-11 19:18:05 - Deployer balance: 0.000000000000000000 ETH
[1;33m[WARNING][0m 2025-09-11 19:18:05 - Low deployer balance. Consider adding more ETH for gas fees.
[0;32m[SUCCESS][0m 2025-09-11 19:18:05 - All prerequisites met
[0;34m[INFO][0m 2025-09-11 19:18:05 - Compiling smart contracts...
[0;31m[ERROR][0m 2025-09-11 19:18:09 - Contract compilation failed
[0;31m[ERROR][0m 2025-09-11 19:18:09 - Deployment failed with exit code 1
[0;34m[INFO][0m 2025-09-11 19:18:09 - Check /home/sechmos/Documents/Tokenization/tokenization-backend/deployment.log for details
[0;34m[INFO][0m 2025-09-11 19:21:26 - Starting Tokenization Platform deployment
[0;34m[INFO][0m 2025-09-11 19:21:26 - Network: polygon-mumbai
[0;34m[INFO][0m 2025-09-11 19:21:26 - Verify contracts: true
[0;34m[INFO][0m 2025-09-11 19:21:26 - Dry run: false
[0;34m[INFO][0m 2025-09-11 19:21:27 - Checking deployment prerequisites...
[0;34m[INFO][0m 2025-09-11 19:21:32 - Deployer balance: 0.000000000000000000 ETH
[1;33m[WARNING][0m 2025-09-11 19:21:32 - Low deployer balance. Consider adding more ETH for gas fees.
[0;32m[SUCCESS][0m 2025-09-11 19:21:32 - All prerequisites met
[0;34m[INFO][0m 2025-09-11 19:21:32 - Compiling smart contracts...
[0;31m[ERROR][0m 2025-09-11 19:21:35 - Contract compilation failed
[0;31m[ERROR][0m 2025-09-11 19:21:35 - Deployment failed with exit code 1
[0;34m[INFO][0m 2025-09-11 19:21:35 - Check /home/sechmos/Documents/Tokenization/tokenization-backend/deployment.log for details
[0;34m[INFO][0m 2025-09-11 19:24:46 - Starting Tokenization Platform deployment
[0;34m[INFO][0m 2025-09-11 19:24:46 - Network: polygon-mumbai
[0;34m[INFO][0m 2025-09-11 19:24:46 - Verify contracts: true
[0;34m[INFO][0m 2025-09-11 19:24:46 - Dry run: false
[0;34m[INFO][0m 2025-09-11 19:24:46 - Checking deployment prerequisites...
[0;34m[INFO][0m 2025-09-11 19:24:49 - Deployer balance: 0.000000000000000000 ETH
[1;33m[WARNING][0m 2025-09-11 19:24:49 - Low deployer balance. Consider adding more ETH for gas fees.
[0;32m[SUCCESS][0m 2025-09-11 19:24:49 - All prerequisites met
[0;34m[INFO][0m 2025-09-11 19:24:49 - Compiling smart contracts...
[0;31m[ERROR][0m 2025-09-11 19:24:52 - Contract compilation failed
[0;31m[ERROR][0m 2025-09-11 19:24:52 - Deployment failed with exit code 1
[0;34m[INFO][0m 2025-09-11 19:24:52 - Check /home/sechmos/Documents/Tokenization/tokenization-backend/deployment.log for details
[0;34m[INFO][0m 2025-09-11 23:45:35 - Starting Tokenization Platform deployment
[0;34m[INFO][0m 2025-09-11 23:45:35 - Network: polygon-mumbai
[0;34m[INFO][0m 2025-09-11 23:45:35 - Verify contracts: true
[0;34m[INFO][0m 2025-09-11 23:45:35 - Dry run: false
[0;34m[INFO][0m 2025-09-11 23:45:35 - Checking deployment prerequisites...
[0;34m[INFO][0m 2025-09-11 23:45:41 - Deployer balance: 0.000000000000000000 ETH
[1;33m[WARNING][0m 2025-09-11 23:45:41 - Low deployer balance. Consider adding more ETH for gas fees.
[0;32m[SUCCESS][0m 2025-09-11 23:45:41 - All prerequisites met
[0;34m[INFO][0m 2025-09-11 23:45:41 - Compiling smart contracts...
[0;31m[ERROR][0m 2025-09-11 23:45:44 - Contract compilation failed
[0;31m[ERROR][0m 2025-09-11 23:45:44 - Deployment failed with exit code 1
[0;34m[INFO][0m 2025-09-11 23:45:44 - Check /home/sechmos/Documents/Tokenization/tokenization-backend/deployment.log for details
[0;34m[INFO][0m 2025-09-11 23:47:24 - Starting Tokenization Platform deployment
[0;34m[INFO][0m 2025-09-11 23:47:24 - Network: polygon-mumbai
[0;34m[INFO][0m 2025-09-11 23:47:24 - Verify contracts: true
[0;34m[INFO][0m 2025-09-11 23:47:24 - Dry run: false
[0;34m[INFO][0m 2025-09-11 23:47:24 - Checking deployment prerequisites...
[0;34m[INFO][0m 2025-09-11 23:47:25 - Deployer balance: 0.000000000000000000 ETH
[1;33m[WARNING][0m 2025-09-11 23:47:25 - Low deployer balance. Consider adding more ETH for gas fees.
[0;32m[SUCCESS][0m 2025-09-11 23:47:25 - All prerequisites met
[0;34m[INFO][0m 2025-09-11 23:47:25 - Compiling smart contracts...
[0;31m[ERROR][0m 2025-09-11 23:47:27 - Contract compilation failed
[0;31m[ERROR][0m 2025-09-11 23:47:27 - Deployment failed with exit code 1
[0;34m[INFO][0m 2025-09-11 23:47:27 - Check /home/sechmos/Documents/Tokenization/tokenization-backend/deployment.log for details
[0;34m[INFO][0m 2025-09-12 05:04:01 - Starting Tokenization Platform deployment
[0;34m[INFO][0m 2025-09-12 05:04:01 - Network: polygon-mumbai
[0;34m[INFO][0m 2025-09-12 05:04:01 - Verify contracts: true
[0;34m[INFO][0m 2025-09-12 05:04:01 - Dry run: false
[0;34m[INFO][0m 2025-09-12 05:04:01 - Checking deployment prerequisites...
[0;34m[INFO][0m 2025-09-12 05:04:07 - Deployer balance: 0.000000000000000000 ETH
[1;33m[WARNING][0m 2025-09-12 05:04:07 - Low deployer balance. Consider adding more ETH for gas fees.
[0;32m[SUCCESS][0m 2025-09-12 05:04:07 - All prerequisites met
[0;34m[INFO][0m 2025-09-12 05:04:07 - Compiling smart contracts...
[0;31m[ERROR][0m 2025-09-12 05:04:11 - Contract compilation failed
[0;31m[ERROR][0m 2025-09-12 05:04:11 - Deployment failed with exit code 1
[0;34m[INFO][0m 2025-09-12 05:04:11 - Check /home/sechmos/Documents/Tokenization/tokenization-backend/deployment.log for details
[0;34m[INFO][0m 2025-09-12 05:08:19 - Starting Tokenization Platform deployment
[0;34m[INFO][0m 2025-09-12 05:08:19 - Network: polygon-mumbai
[0;34m[INFO][0m 2025-09-12 05:08:19 - Verify contracts: true
[0;34m[INFO][0m 2025-09-12 05:08:19 - Dry run: false
[0;34m[INFO][0m 2025-09-12 05:08:19 - Checking deployment prerequisites...
[0;34m[INFO][0m 2025-09-12 05:08:20 - Deployer balance: 0.000000000000000000 ETH
[1;33m[WARNING][0m 2025-09-12 05:08:20 - Low deployer balance. Consider adding more ETH for gas fees.
[0;32m[SUCCESS][0m 2025-09-12 05:08:20 - All prerequisites met
[0;34m[INFO][0m 2025-09-12 05:08:20 - Compiling smart contracts...
[0;31m[ERROR][0m 2025-09-12 05:08:20 - Contract compilation failed
[0;31m[ERROR][0m 2025-09-12 05:08:20 - Deployment failed with exit code 1
[0;34m[INFO][0m 2025-09-12 05:08:20 - Check /home/sechmos/Documents/Tokenization/tokenization-backend/deployment.log for details
[0;34m[INFO][0m 2025-09-12 05:09:06 - Starting Tokenization Platform deployment
[0;34m[INFO][0m 2025-09-12 05:09:06 - Network: polygon-mumbai
[0;34m[INFO][0m 2025-09-12 05:09:06 - Verify contracts: true
[0;34m[INFO][0m 2025-09-12 05:09:06 - Dry run: false
[0;34m[INFO][0m 2025-09-12 05:09:06 - Checking deployment prerequisites...
[0;34m[INFO][0m 2025-09-12 05:09:11 - Deployer balance: 0.000000000000000000 ETH
[1;33m[WARNING][0m 2025-09-12 05:09:11 - Low deployer balance. Consider adding more ETH for gas fees.
[0;32m[SUCCESS][0m 2025-09-12 05:09:11 - All prerequisites met
[0;34m[INFO][0m 2025-09-12 05:09:11 - Compiling smart contracts...
[0;31m[ERROR][0m 2025-09-12 05:09:14 - Contract compilation failed
[0;31m[ERROR][0m 2025-09-12 05:09:14 - Deployment failed with exit code 1
[0;34m[INFO][0m 2025-09-12 05:09:14 - Check /home/sechmos/Documents/Tokenization/tokenization-backend/deployment.log for details
[0;34m[INFO][0m 2025-09-12 05:23:30 - Starting Tokenization Platform deployment
[0;34m[INFO][0m 2025-09-12 05:23:30 - Network: polygon-mumbai
[0;34m[INFO][0m 2025-09-12 05:23:30 - Verify contracts: true
[0;34m[INFO][0m 2025-09-12 05:23:30 - Dry run: false
[0;34m[INFO][0m 2025-09-12 05:23:30 - Checking deployment prerequisites...
[0;34m[INFO][0m 2025-09-12 05:23:36 - Deployer balance: 0.000000000000000000 ETH
[1;33m[WARNING][0m 2025-09-12 05:23:36 - Low deployer balance. Consider adding more ETH for gas fees.
[0;32m[SUCCESS][0m 2025-09-12 05:23:36 - All prerequisites met
[0;34m[INFO][0m 2025-09-12 05:23:36 - Compiling smart contracts...
[0;32m[SUCCESS][0m 2025-09-12 05:25:25 - Contracts compiled successfully
[0;34m[INFO][0m 2025-09-12 05:25:25 - Running contract tests...
[0;31m[ERROR][0m 2025-09-12 05:25:25 - Tests failed. Deployment aborted.
[0;31m[ERROR][0m 2025-09-12 05:25:25 - Deployment failed with exit code 1
[0;34m[INFO][0m 2025-09-12 05:25:25 - Check /home/sechmos/Documents/Tokenization/tokenization-backend/deployment.log for details
[0;34m[INFO][0m 2025-09-12 05:30:18 - Starting Tokenization Platform deployment
[0;34m[INFO][0m 2025-09-12 05:30:18 - Network: polygon-mumbai
[0;34m[INFO][0m 2025-09-12 05:30:18 - Verify contracts: true
[0;34m[INFO][0m 2025-09-12 05:30:18 - Dry run: false
[0;34m[INFO][0m 2025-09-12 05:30:18 - Checking deployment prerequisites...
[0;34m[INFO][0m 2025-09-12 05:30:29 - Deployer balance: 0.000000000000000000 ETH
[1;33m[WARNING][0m 2025-09-12 05:30:29 - Low deployer balance. Consider adding more ETH for gas fees.
[0;32m[SUCCESS][0m 2025-09-12 05:30:29 - All prerequisites met
[0;34m[INFO][0m 2025-09-12 05:30:29 - Compiling smart contracts...
[0;32m[SUCCESS][0m 2025-09-12 05:32:27 - Contracts compiled successfully
[0;34m[INFO][0m 2025-09-12 05:32:27 - Running contract tests...
[0;31m[ERROR][0m 2025-09-12 05:32:27 - Tests failed. Deployment aborted.
[0;31m[ERROR][0m 2025-09-12 05:32:27 - Deployment failed with exit code 1
[0;34m[INFO][0m 2025-09-12 05:32:27 - Check /home/sechmos/Documents/Tokenization/tokenization-backend/deployment.log for details
[0;34m[INFO][0m 2025-09-12 05:36:00 - Starting Tokenization Platform deployment
[0;34m[INFO][0m 2025-09-12 05:36:00 - Network: polygon-mumbai
[0;34m[INFO][0m 2025-09-12 05:36:00 - Verify contracts: true
[0;34m[INFO][0m 2025-09-12 05:36:00 - Dry run: false
[0;34m[INFO][0m 2025-09-12 05:36:00 - Checking deployment prerequisites...
[0;34m[INFO][0m 2025-09-12 05:36:11 - Deployer balance: 0.000000000000000000 ETH
[1;33m[WARNING][0m 2025-09-12 05:36:11 - Low deployer balance. Consider adding more ETH for gas fees.
[0;32m[SUCCESS][0m 2025-09-12 05:36:11 - All prerequisites met
[0;34m[INFO][0m 2025-09-12 05:36:11 - Compiling smart contracts...
[0;31m[ERROR][0m 2025-09-12 05:36:11 - Contract compilation failed
[0;31m[ERROR][0m 2025-09-12 05:36:11 - Deployment failed with exit code 1
[0;34m[INFO][0m 2025-09-12 05:36:11 - Check /home/sechmos/Documents/Tokenization/tokenization-backend/deployment.log for details
